2023-03-09 15:29:11.743 +07:00,[Error] [Microsoft.AspNetCore.Diagnostics.DeveloperExceptionPageMiddleware] [{ Id: 1, Name: "UnhandledException" }] An unhandled exception has occurred while executing the request.
System.InvalidOperationException: There is already an open DataReader associated with this Connection which must be closed first.
   at Microsoft.Data.SqlClient.SqlInternalConnectionTds.ValidateConnectionForExecute(SqlCommand command)
   at Microsoft.Data.SqlClient.SqlConnection.ValidateConnectionForExecute(String method, SqlCommand command)
   at Microsoft.Data.SqlClient.SqlCommand.ValidateCommand(Boolean isAsync, String method)
   at Microsoft.Data.SqlClient.SqlCommand.RunExecuteReader(CommandBehavior cmdBehavior, RunBehavior runBehavior, Boolean returnStream, TaskCompletionSource`1 completion, Int32 timeout, Task& task, Boolean& usedCache, Boolean asyncWrite, Boolean inRetry, String method)
   at Microsoft.Data.SqlClient.SqlCommand.RunExecuteReader(CommandBehavior cmdBehavior, RunBehavior runBehavior, Boolean returnStream, String method)
   at Microsoft.Data.SqlClient.SqlCommand.ExecuteReader(CommandBehavior behavior)
   at Microsoft.Data.SqlClient.SqlCommand.ExecuteDbDataReader(CommandBehavior behavior)
   at System.Data.Common.DbCommand.ExecuteReader()
   at Microsoft.EntityFrameworkCore.Storage.RelationalCommand.ExecuteReader(RelationalCommandParameterObject parameterObject)
   at Microsoft.EntityFrameworkCore.Query.Internal.SingleQueryingEnumerable`1.Enumerator.InitializeReader(Enumerator enumerator)
   at Microsoft.EntityFrameworkCore.Query.Internal.SingleQueryingEnumerable`1.Enumerator.<>c.<MoveNext>b__19_0(DbContext _, Enumerator enumerator)
   at Microsoft.EntityFrameworkCore.SqlServer.Storage.Internal.SqlServerExecutionStrategy.Execute[TState,TResult](TState state, Func`3 operation, Func`3 verifySucceeded)
   at Microsoft.EntityFrameworkCore.Query.Internal.SingleQueryingEnumerable`1.Enumerator.MoveNext()
   at System.Linq.Enumerable.TryGetSingle[TSource](IEnumerable`1 source, Boolean& found)
   at lambda_method186(Closure , QueryContext )
   at Microsoft.EntityFrameworkCore.Query.Internal.QueryCompiler.Execute[TResult](Expression query)
   at Microsoft.EntityFrameworkCore.Query.Internal.EntityQueryProvider.Execute[TResult](Expression expression)
   at System.Linq.Queryable.Any[TSource](IQueryable`1 source, Expression`1 predicate)
   at Fsoft.Web.Locdx7.DL.UserDL.InsertUser(User user) in C:\Users\Adminstrator\Desktop\FSoft\Mock_Project\Mock_Project_Fsoft_Locdx7\Fsoft.Web.Locdx7.DL\UserDL\UserDL.cs:line 102
   at Fsoft.Web.Locdx7.BL.UserBL.InsertUser(User user) in C:\Users\Adminstrator\Desktop\FSoft\Mock_Project\Mock_Project_Fsoft_Locdx7\Fsoft.Web.Locdx7.BL\UserBL\UserBL.cs:line 60
   at Fsoft.Web.Locdx7.API.Controllers.UserController.InsertUser(User user) in C:\Users\Adminstrator\Desktop\FSoft\Mock_Project\Mock_Project_Fsoft_Locdx7\Mock_Project_Fsoft_Locdx7\Controllers\UserController.cs:line 124
   at lambda_method177(Closure , Object )
   at Microsoft.AspNetCore.Mvc.Infrastructure.ActionMethodExecutor.AwaitableResultExecutor.Execute(IActionResultTypeMapper mapper, ObjectMethodExecutor executor, Object controller, Object[] arguments)
   at Microsoft.AspNetCore.Mvc.Infrastructure.ControllerActionInvoker.<InvokeActionMethodAsync>g__Awaited|12_0(ControllerActionInvoker invoker, ValueTask`1 actionResultValueTask)
   at Microsoft.AspNetCore.Mvc.Infrastructure.ControllerActionInvoker.<InvokeNextActionFilterAsync>g__Awaited|10_0(ControllerActionInvoker invoker, Task lastTask, State next, Scope scope, Object state, Boolean isCompleted)
   at Microsoft.AspNetCore.Mvc.Infrastructure.ControllerActionInvoker.Rethrow(ActionExecutedContextSealed context)
   at Microsoft.AspNetCore.Mvc.Infrastructure.ControllerActionInvoker.Next(State& next, Scope& scope, Object& state, Boolean& isCompleted)
   at Microsoft.AspNetCore.Mvc.Infrastructure.ControllerActionInvoker.InvokeInnerFilterAsync()
--- End of stack trace from previous location ---
   at Microsoft.AspNetCore.Mvc.Infrastructure.ResourceInvoker.<InvokeFilterPipelineAsync>g__Awaited|20_0(ResourceInvoker invoker, Task lastTask, State next, Scope scope, Object state, Boolean isCompleted)
   at Microsoft.AspNetCore.Mvc.Infrastructure.ResourceInvoker.<InvokeAsync>g__Awaited|17_0(ResourceInvoker invoker, Task task, IDisposable scope)
   at Microsoft.AspNetCore.Mvc.Infrastructure.ResourceInvoker.<InvokeAsync>g__Awaited|17_0(ResourceInvoker invoker, Task task, IDisposable scope)
   at Microsoft.AspNetCore.Routing.EndpointMiddleware.<Invoke>g__AwaitRequestTask|6_0(Endpoint endpoint, Task requestTask, ILogger logger)
   at Fsoft.Web.Locdx7.API.Middleware.CheckAcessMiddleware.Invoke(HttpContext httpContext) in C:\Users\Adminstrator\Desktop\FSoft\Mock_Project\Mock_Project_Fsoft_Locdx7\Mock_Project_Fsoft_Locdx7\Middleware\CheckAcessMiddleware.cs:line 39
   at Microsoft.AspNetCore.Session.SessionMiddleware.Invoke(HttpContext context)
   at Microsoft.AspNetCore.Session.SessionMiddleware.Invoke(HttpContext context)
   at Microsoft.AspNetCore.Authentication.AuthenticationMiddleware.Invoke(HttpContext context)
   at Swashbuckle.AspNetCore.SwaggerUI.SwaggerUIMiddleware.Invoke(HttpContext httpContext)
   at Swashbuckle.AspNetCore.Swagger.SwaggerMiddleware.Invoke(HttpContext httpContext, ISwaggerProvider swaggerProvider)
   at Microsoft.AspNetCore.Diagnostics.DeveloperExceptionPageMiddleware.Invoke(HttpContext context)
